<?xml version="1.0" encoding="UTF-8"?>
<testsuite name="RockPaperScissorsTest" tests="1" skipped="0" failures="0" errors="0" timestamp="2016-02-10T16:49:38" hostname="epicodus-67.local" time="0.003">
  <properties/>
  <testcase name="checkWinner_playersChooseSameThrow_tie" classname="RockPaperScissorsTest" time="0.003"/>
  <system-out><![CDATA[]]></system-out>
  <system-err><![CDATA[]]></system-err>
</testsuite>
