<?xml version="1.0" encoding="UTF-8"?>
<testsuite name="RockPaperScissorsTest" tests="5" skipped="0" failures="0" errors="0" timestamp="2016-02-10T17:55:47" hostname="epicodus-67.local" time="0.029">
  <properties/>
  <testcase name="checkWinner_playersChooseSameThrow_tie" classname="RockPaperScissorsTest" time="0.004"/>
  <testcase name="checkWinner_player2RockBeatsScissors_two" classname="RockPaperScissorsTest" time="0.001"/>
  <testcase name="checkWinner_player1PaperBeatsRock_one" classname="RockPaperScissorsTest" time="0.001"/>
  <testcase name="checkWinner_player1ScissorsBeatsPaper_one" classname="RockPaperScissorsTest" time="0.001"/>
  <testcase name="checkWinner_player1RockBeatsScissors_one" classname="RockPaperScissorsTest" time="0.0"/>
  <system-out><![CDATA[]]></system-out>
  <system-err><![CDATA[]]></system-err>
</testsuite>
